{"3900a0c3e75ed747d4c07f03ba302af4":{"statistic":{"failed":1,"broken":0,"skipped":0,"passed":0,"unknown":0,"total":1},"items":[{"uid":"1251e90a1df3c211","reportUrl":"https://Achitheus.github.io/automationCucumber/8//#testresult/1251e90a1df3c211","status":"failed","statusDetails":"Element not found {By.id: hyperlocation-unified-dialog-anchor}\nExpected: exist\nScreenshot: file:/home/runner/work/automationCucumber/automationCucumber/build/reports/tests/1698881000208.3.png\nPage source: file:/home/runner/work/automationCucumber/automationCucumber/build/reports/tests/1698881000208.3.html\nTimeout: 6 s.\nCaused by: NoSuchElementException: no such element: Unable to locate element: {\"method\":\"css selector\",\"selector\":\"#hyperlocation\\-unified\\-dialog\\-anchor\"}","time":{"start":1698880994136,"stop":1698881000462,"duration":6326}}]},"20490391316e26cef3fdb1546cf5d730":{"statistic":{"failed":1,"broken":0,"skipped":0,"passed":0,"unknown":0,"total":1},"items":[{"uid":"9bc2d5588e93e573","reportUrl":"https://Achitheus.github.io/automationCucumber/8//#testresult/9bc2d5588e93e573","status":"failed","statusDetails":"Element not found {By.id: hyperlocation-unified-dialog-anchor}\nExpected: exist\nScreenshot: file:/home/runner/work/automationCucumber/automationCucumber/build/reports/tests/1698881006583.4.png\nPage source: file:/home/runner/work/automationCucumber/automationCucumber/build/reports/tests/1698881006583.4.html\nTimeout: 6 s.\nCaused by: NoSuchElementException: no such element: Unable to locate element: {\"method\":\"css selector\",\"selector\":\"#hyperlocation\\-unified\\-dialog\\-anchor\"}","time":{"start":1698881000500,"stop":1698881006815,"duration":6315}}]},"344b48907ad07e7d5c959e30c76b3398":{"statistic":{"failed":1,"broken":0,"skipped":0,"passed":0,"unknown":0,"total":1},"items":[{"uid":"65380f467db9764b","reportUrl":"https://Achitheus.github.io/automationCucumber/8//#testresult/65380f467db9764b","status":"failed","statusDetails":"Element not found {By.id: hyperlocation-unified-dialog-anchor}\nExpected: exist\nScreenshot: file:/home/runner/work/automationCucumber/automationCucumber/build/reports/tests/1698881012907.5.png\nPage source: file:/home/runner/work/automationCucumber/automationCucumber/build/reports/tests/1698881012907.5.html\nTimeout: 6 s.\nCaused by: NoSuchElementException: no such element: Unable to locate element: {\"method\":\"css selector\",\"selector\":\"#hyperlocation\\-unified\\-dialog\\-anchor\"}","time":{"start":1698881006825,"stop":1698881013123,"duration":6298}}]},"9757259f7f830a10bee8462fe6577c5e":{"statistic":{"failed":1,"broken":0,"skipped":0,"passed":0,"unknown":0,"total":1},"items":[{"uid":"492c724204afde63","reportUrl":"https://Achitheus.github.io/automationCucumber/8//#testresult/492c724204afde63","status":"failed","statusDetails":"Element not found {By.id: hyperlocation-unified-dialog-anchor}\nExpected: exist\nScreenshot: file:/home/runner/work/automationCucumber/automationCucumber/build/reports/tests/1698881038587.8.png\nPage source: file:/home/runner/work/automationCucumber/automationCucumber/build/reports/tests/1698881038587.8.html\nTimeout: 6 s.\nCaused by: NoSuchElementException: no such element: Unable to locate element: {\"method\":\"css selector\",\"selector\":\"#hyperlocation\\-unified\\-dialog\\-anchor\"}","time":{"start":1698881031868,"stop":1698881038911,"duration":7043}}]},"fd883fd65b045d74d8e7c098f273dd92":{"statistic":{"failed":1,"broken":0,"skipped":0,"passed":0,"unknown":0,"total":1},"items":[{"uid":"83e7986d66fa586e","reportUrl":"https://Achitheus.github.io/automationCucumber/8//#testresult/83e7986d66fa586e","status":"failed","statusDetails":"Element not found {By.id: hyperlocation-unified-dialog-anchor}\nExpected: exist\nScreenshot: file:/home/runner/work/automationCucumber/automationCucumber/build/reports/tests/1698880993853.2.png\nPage source: file:/home/runner/work/automationCucumber/automationCucumber/build/reports/tests/1698880993853.2.html\nTimeout: 6 s.\nCaused by: NoSuchElementException: no such element: Unable to locate element: {\"method\":\"css selector\",\"selector\":\"#hyperlocation\\-unified\\-dialog\\-anchor\"}","time":{"start":1698880987757,"stop":1698880994099,"duration":6342}}]},"aa914649ff781c6297d13b18b634910a":{"statistic":{"failed":1,"broken":1,"skipped":0,"passed":0,"unknown":0,"total":2},"items":[{"uid":"bbf042fa0da677d9","reportUrl":"https://Achitheus.github.io/automationCucumber/9//#testresult/bbf042fa0da677d9","status":"broken","statusDetails":"Could not start a new session. Response code 500. Message: session not created: Chrome failed to start: exited normally.\n  (session not created: DevToolsActivePort file doesn't exist)\n  (The process started from chrome location /opt/google/chrome/google-chrome is no longer running, so ChromeDriver is assuming that Chrome has crashed.) \nHost info: host: 'fv-az564-641', ip: '10.1.0.207'\nBuild info: version: '4.13.0', revision: 'ba948ece5b*'\nSystem info: os.name: 'Linux', os.arch: 'amd64', os.version: '6.2.0-1015-azure', java.version: '11.0.21'\nDriver info: org.openqa.selenium.chrome.ChromeDriver\nCommand: [null, newSession {capabilities=[Capabilities {acceptInsecureCerts: true, browserName: chrome, goog:chromeOptions: {args: [--remote-allow-origins=*, --proxy-bypass-list=<-loopb..., --disable-dev-shm-usage, --window-size=1920,1080], binary: /opt/google/chrome/google-c..., excludeSwitches: [enable-automation, load-extension], extensions: [], prefs: {credentials_enable_service: false, download.default_directory: /home/runner/work/automatio..., plugins.always_open_pdf_externally: true, profile.default_content_setting_values.automatic_downloads: 1, safebrowsing.enabled: true}}, pageLoadStrategy: normal, unhandledPromptBehavior: accept}]}]\nselenide.url: http://ya.ru\nselenide.baseUrl: http://localhost:8080","time":{"start":1698929359395,"stop":1698929359713,"duration":318}},{"uid":"c18496160feab563","reportUrl":"https://Achitheus.github.io/automationCucumber/8//#testresult/c18496160feab563","status":"failed","statusDetails":"Element not found {By.id: hyperlocation-unified-dialog-anchor}\nExpected: exist\nScreenshot: file:/home/runner/work/automationCucumber/automationCucumber/build/reports/tests/1698881024198.6.png\nPage source: file:/home/runner/work/automationCucumber/automationCucumber/build/reports/tests/1698881024198.6.html\nTimeout: 6 s.\nCaused by: NoSuchElementException: no such element: Unable to locate element: {\"method\":\"css selector\",\"selector\":\"#hyperlocation\\-unified\\-dialog\\-anchor\"}","time":{"start":1698881013131,"stop":1698881024454,"duration":11323}}]},"a9529476b9183e3008163db87e7f228":{"statistic":{"failed":1,"broken":0,"skipped":0,"passed":0,"unknown":0,"total":1},"items":[{"uid":"14c7fa808e703b8f","reportUrl":"https://Achitheus.github.io/automationCucumber/8//#testresult/14c7fa808e703b8f","status":"failed","statusDetails":"Element not found {By.id: hyperlocation-unified-dialog-anchor}\nExpected: exist\nScreenshot: file:/home/runner/work/automationCucumber/automationCucumber/build/reports/tests/1698881052999.10.png\nPage source: file:/home/runner/work/automationCucumber/automationCucumber/build/reports/tests/1698881052999.10.html\nTimeout: 6 s.\nCaused by: NoSuchElementException: no such element: Unable to locate element: {\"method\":\"css selector\",\"selector\":\"#hyperlocation\\-unified\\-dialog\\-anchor\"}","time":{"start":1698881046237,"stop":1698881053319,"duration":7082}}]},"d91f38e149b2648fbe1ec665331ee6c8":{"statistic":{"failed":1,"broken":0,"skipped":0,"passed":0,"unknown":0,"total":1},"items":[{"uid":"e31781f6f9eb5119","reportUrl":"https://Achitheus.github.io/automationCucumber/8//#testresult/e31781f6f9eb5119","status":"failed","statusDetails":"Element not found {By.id: hyperlocation-unified-dialog-anchor}\nExpected: exist\nScreenshot: file:/home/runner/work/automationCucumber/automationCucumber/build/reports/tests/1698881059984.11.png\nPage source: file:/home/runner/work/automationCucumber/automationCucumber/build/reports/tests/1698881059984.11.html\nTimeout: 6 s.\nCaused by: NoSuchElementException: no such element: Unable to locate element: {\"method\":\"css selector\",\"selector\":\"#hyperlocation\\-unified\\-dialog\\-anchor\"}","time":{"start":1698881053326,"stop":1698881060309,"duration":6983}}]},"e94ef836307d5348e49128a33d30bc3f":{"statistic":{"failed":1,"broken":0,"skipped":0,"passed":0,"unknown":0,"total":1},"items":[{"uid":"7168a3646430ba0f","reportUrl":"https://Achitheus.github.io/automationCucumber/8//#testresult/7168a3646430ba0f","status":"failed","statusDetails":"Element not found {By.id: hyperlocation-unified-dialog-anchor}\nExpected: exist\nScreenshot: file:/home/runner/work/automationCucumber/automationCucumber/build/reports/tests/1698881045879.9.png\nPage source: file:/home/runner/work/automationCucumber/automationCucumber/build/reports/tests/1698881045879.9.html\nTimeout: 6 s.\nCaused by: NoSuchElementException: no such element: Unable to locate element: {\"method\":\"css selector\",\"selector\":\"#hyperlocation\\-unified\\-dialog\\-anchor\"}","time":{"start":1698881038919,"stop":1698881046227,"duration":7308}}]},"e114afd0a85af2e75c2e4ccbb7f315d":{"statistic":{"failed":1,"broken":1,"skipped":0,"passed":0,"unknown":0,"total":2},"items":[{"uid":"2e75a18cbcd7ed43","reportUrl":"https://Achitheus.github.io/automationCucumber/9//#testresult/2e75a18cbcd7ed43","status":"broken","statusDetails":"Could not start a new session. Response code 500. Message: session not created: Chrome failed to start: exited normally.\n  (session not created: DevToolsActivePort file doesn't exist)\n  (The process started from chrome location /opt/google/chrome/google-chrome is no longer running, so ChromeDriver is assuming that Chrome has crashed.) \nHost info: host: 'fv-az564-641', ip: '10.1.0.207'\nBuild info: version: '4.13.0', revision: 'ba948ece5b*'\nSystem info: os.name: 'Linux', os.arch: 'amd64', os.version: '6.2.0-1015-azure', java.version: '11.0.21'\nDriver info: org.openqa.selenium.chrome.ChromeDriver\nCommand: [null, newSession {capabilities=[Capabilities {acceptInsecureCerts: true, browserName: chrome, goog:chromeOptions: {args: [--remote-allow-origins=*, --proxy-bypass-list=<-loopb..., --disable-dev-shm-usage, --window-size=1920,1080], binary: /opt/google/chrome/google-c..., excludeSwitches: [enable-automation, load-extension], extensions: [], prefs: {credentials_enable_service: false, download.default_directory: /home/runner/work/automatio..., plugins.always_open_pdf_externally: true, profile.default_content_setting_values.automatic_downloads: 1, safebrowsing.enabled: true}}, pageLoadStrategy: normal, unhandledPromptBehavior: accept}]}]\nselenide.url: https://market.yandex.ru/catalog--smartfony/26893750/\nselenide.baseUrl: http://localhost:8080","time":{"start":1698929359008,"stop":1698929359374,"duration":366}},{"uid":"1899f80dd6c57b35","reportUrl":"https://Achitheus.github.io/automationCucumber/8//#testresult/1899f80dd6c57b35","status":"failed","statusDetails":"Element not found {By.id: hyperlocation-unified-dialog-anchor}\nExpected: exist\nScreenshot: file:/home/runner/work/automationCucumber/automationCucumber/build/reports/tests/1698880987451.1.png\nPage source: file:/home/runner/work/automationCucumber/automationCucumber/build/reports/tests/1698880987451.1.html\nTimeout: 6 s.\nCaused by: NoSuchElementException: no such element: Unable to locate element: {\"method\":\"css selector\",\"selector\":\"#hyperlocation\\-unified\\-dialog\\-anchor\"}","time":{"start":1698880981303,"stop":1698880987726,"duration":6423}}]},"ab41653a12a86cf21bb57508541d154":{"statistic":{"failed":1,"broken":1,"skipped":0,"passed":0,"unknown":0,"total":2},"items":[{"uid":"3de72f3dd0796df4","reportUrl":"https://Achitheus.github.io/automationCucumber/9//#testresult/3de72f3dd0796df4","status":"broken","statusDetails":"Could not start a new session. Response code 500. Message: session not created: Chrome failed to start: exited normally.\n  (session not created: DevToolsActivePort file doesn't exist)\n  (The process started from chrome location /opt/google/chrome/google-chrome is no longer running, so ChromeDriver is assuming that Chrome has crashed.) \nHost info: host: 'fv-az564-641', ip: '10.1.0.207'\nBuild info: version: '4.13.0', revision: 'ba948ece5b*'\nSystem info: os.name: 'Linux', os.arch: 'amd64', os.version: '6.2.0-1015-azure', java.version: '11.0.21'\nDriver info: org.openqa.selenium.chrome.ChromeDriver\nCommand: [null, newSession {capabilities=[Capabilities {acceptInsecureCerts: true, browserName: chrome, goog:chromeOptions: {args: [--remote-allow-origins=*, --proxy-bypass-list=<-loopb..., --disable-dev-shm-usage, --window-size=1920,1080], binary: /opt/google/chrome/google-c..., excludeSwitches: [enable-automation, load-extension], extensions: [], prefs: {credentials_enable_service: false, download.default_directory: /home/runner/work/automatio..., plugins.always_open_pdf_externally: true, profile.default_content_setting_values.automatic_downloads: 1, safebrowsing.enabled: true}}, pageLoadStrategy: normal, unhandledPromptBehavior: accept}]}]\nselenide.url: http://ya.ru\nselenide.baseUrl: http://localhost:8080","time":{"start":1698929359743,"stop":1698929360060,"duration":317}},{"uid":"386c95729505533e","reportUrl":"https://Achitheus.github.io/automationCucumber/8//#testresult/386c95729505533e","status":"failed","statusDetails":"Element not found {By.id: hyperlocation-unified-dialog-anchor}\nExpected: exist\nScreenshot: file:/home/runner/work/automationCucumber/automationCucumber/build/reports/tests/1698881031541.7.png\nPage source: file:/home/runner/work/automationCucumber/automationCucumber/build/reports/tests/1698881031541.7.html\nTimeout: 6 s.\nCaused by: NoSuchElementException: no such element: Unable to locate element: {\"method\":\"css selector\",\"selector\":\"#hyperlocation\\-unified\\-dialog\\-anchor\"}","time":{"start":1698881024467,"stop":1698881031859,"duration":7392}}]},"318dc807314a13f3d5152c02f3385d27":{"statistic":{"failed":1,"broken":1,"skipped":0,"passed":0,"unknown":0,"total":2},"items":[{"uid":"1e3d0aae6b06820d","reportUrl":"https://Achitheus.github.io/automationCucumber/9//#testresult/1e3d0aae6b06820d","status":"broken","statusDetails":"Could not start a new session. Response code 500. Message: session not created: Chrome failed to start: exited normally.\n  (session not created: DevToolsActivePort file doesn't exist)\n  (The process started from chrome location /opt/google/chrome/google-chrome is no longer running, so ChromeDriver is assuming that Chrome has crashed.) \nHost info: host: 'fv-az564-641', ip: '10.1.0.207'\nBuild info: version: '4.13.0', revision: 'ba948ece5b*'\nSystem info: os.name: 'Linux', os.arch: 'amd64', os.version: '6.2.0-1015-azure', java.version: '11.0.21'\nDriver info: org.openqa.selenium.chrome.ChromeDriver\nCommand: [null, newSession {capabilities=[Capabilities {acceptInsecureCerts: true, browserName: chrome, goog:chromeOptions: {args: [--remote-allow-origins=*, --proxy-bypass-list=<-loopb..., --disable-dev-shm-usage, --window-size=1920,1080], binary: /opt/google/chrome/google-c..., excludeSwitches: [enable-automation, load-extension], extensions: [], prefs: {credentials_enable_service: false, download.default_directory: /home/runner/work/automatio..., plugins.always_open_pdf_externally: true, profile.default_content_setting_values.automatic_downloads: 1, safebrowsing.enabled: true}}, pageLoadStrategy: normal, unhandledPromptBehavior: accept}]}]\nselenide.url: https://market.yandex.ru/catalog--smartfony/26893750/\nselenide.baseUrl: http://localhost:8080","time":{"start":1698929354760,"stop":1698929358824,"duration":4064}},{"uid":"d50a278668590acb","reportUrl":"https://Achitheus.github.io/automationCucumber/8//#testresult/d50a278668590acb","status":"failed","statusDetails":"Element not found {By.id: hyperlocation-unified-dialog-anchor}\nExpected: exist\nScreenshot: file:/home/runner/work/automationCucumber/automationCucumber/build/reports/tests/1698880980722.0.png\nPage source: file:/home/runner/work/automationCucumber/automationCucumber/build/reports/tests/1698880980722.0.html\nTimeout: 6 s.\nCaused by: NoSuchElementException: no such element: Unable to locate element: {\"method\":\"css selector\",\"selector\":\"#hyperlocation\\-unified\\-dialog\\-anchor\"}","time":{"start":1698880967056,"stop":1698880981031,"duration":13975}}]}}